[2024-01-09T17:07:23.185+0000] {manager.py:469} INFO - Processing files using up to 1 processes at a time 
[2024-01-09T17:07:23.186+0000] {manager.py:470} INFO - Process each file at most once every 30 seconds
[2024-01-09T17:07:23.186+0000] {manager.py:471} INFO - Checking for new files in /opt/airflow/dags every 300 seconds
[2024-01-09T17:07:23.187+0000] {manager.py:738} INFO - Searching for files in /opt/airflow/dags
[2024-01-09T17:07:23.188+0000] {manager.py:741} INFO - There are 0 files in /opt/airflow/dags
[2024-01-09T17:12:23.228+0000] {manager.py:738} INFO - Searching for files in /opt/airflow/dags
[2024-01-09T17:12:23.242+0000] {manager.py:741} INFO - There are 0 files in /opt/airflow/dags
[2024-01-09T17:17:23.441+0000] {manager.py:738} INFO - Searching for files in /opt/airflow/dags
[2024-01-09T17:17:23.502+0000] {manager.py:741} INFO - There are 1 files in /opt/airflow/dags
[2024-01-09T17:17:35.604+0000] {manager.py:879} INFO - 
================================================================================
DAG File Processing Stats

File Path                 PID    Runtime      # DAGs    # Errors  Last Runtime    Last Run
------------------------  -----  ---------  --------  ----------  --------------  -------------------
/opt/airflow/dags/etl.py                           1           0  0.71s           2024-01-09T17:17:24
================================================================================
[2024-01-09T17:18:06.181+0000] {manager.py:879} INFO - 
================================================================================
DAG File Processing Stats

File Path                 PID    Runtime      # DAGs    # Errors  Last Runtime    Last Run
------------------------  -----  ---------  --------  ----------  --------------  -------------------
/opt/airflow/dags/etl.py                           1           0  0.41s           2024-01-09T17:17:55
================================================================================
[2024-01-09T17:18:36.743+0000] {manager.py:879} INFO - 
================================================================================
DAG File Processing Stats

File Path                 PID    Runtime      # DAGs    # Errors  Last Runtime    Last Run
------------------------  -----  ---------  --------  ----------  --------------  -------------------
/opt/airflow/dags/etl.py                           1           0  0.41s           2024-01-09T17:18:26
================================================================================
[2024-01-09T17:19:07.519+0000] {manager.py:879} INFO - 
================================================================================
DAG File Processing Stats

File Path                 PID    Runtime      # DAGs    # Errors  Last Runtime    Last Run
------------------------  -----  ---------  --------  ----------  --------------  -------------------
/opt/airflow/dags/etl.py                           1           0  0.41s           2024-01-09T17:18:57
================================================================================
[2024-01-09T17:19:37.781+0000] {manager.py:879} INFO - 
================================================================================
DAG File Processing Stats

File Path                 PID    Runtime      # DAGs    # Errors  Last Runtime    Last Run
------------------------  -----  ---------  --------  ----------  --------------  -------------------
/opt/airflow/dags/etl.py                           1           0  0.31s           2024-01-09T17:19:28
================================================================================
[2024-01-09T17:20:08.099+0000] {manager.py:879} INFO - 
================================================================================
DAG File Processing Stats

File Path                 PID    Runtime      # DAGs    # Errors  Last Runtime    Last Run
------------------------  -----  ---------  --------  ----------  --------------  -------------------
/opt/airflow/dags/etl.py                           1           0  0.41s           2024-01-09T17:19:59
================================================================================
