[2024-01-09T17:17:23.813+0000] {processor.py:161} INFO - Started process (PID=71) to work on /opt/airflow/dags/etl.py
[2024-01-09T17:17:23.815+0000] {processor.py:830} INFO - Processing file /opt/airflow/dags/etl.py for tasks to queue
[2024-01-09T17:17:23.817+0000] {logging_mixin.py:188} INFO - [2024-01-09T17:17:23.817+0000] {dagbag.py:538} INFO - Filling up the DagBag from /opt/airflow/dags/etl.py
[2024-01-09T17:17:23.880+0000] {processor.py:840} INFO - DAG(s) 'etl_dag' retrieved from /opt/airflow/dags/etl.py
[2024-01-09T17:17:24.138+0000] {logging_mixin.py:188} INFO - [2024-01-09T17:17:24.136+0000] {override.py:1769} INFO - Created Permission View: can edit on DAG:etl_dag
[2024-01-09T17:17:24.221+0000] {logging_mixin.py:188} INFO - [2024-01-09T17:17:24.220+0000] {override.py:1769} INFO - Created Permission View: can delete on DAG:etl_dag
[2024-01-09T17:17:24.298+0000] {logging_mixin.py:188} INFO - [2024-01-09T17:17:24.297+0000] {override.py:1769} INFO - Created Permission View: can read on DAG:etl_dag
[2024-01-09T17:17:24.299+0000] {logging_mixin.py:188} INFO - [2024-01-09T17:17:24.299+0000] {dag.py:3033} INFO - Sync 1 DAGs
[2024-01-09T17:17:24.327+0000] {logging_mixin.py:188} INFO - [2024-01-09T17:17:24.326+0000] {dag.py:3055} INFO - Creating ORM DAG for etl_dag
[2024-01-09T17:17:24.351+0000] {logging_mixin.py:188} INFO - [2024-01-09T17:17:24.350+0000] {dag.py:3820} INFO - Setting next_dagrun for etl_dag to 2024-01-08T00:00:00+00:00, run_after=2024-01-09T00:00:00+00:00
[2024-01-09T17:17:24.471+0000] {processor.py:183} INFO - Processing /opt/airflow/dags/etl.py took 0.663 seconds
[2024-01-09T17:17:54.942+0000] {processor.py:161} INFO - Started process (PID=72) to work on /opt/airflow/dags/etl.py
[2024-01-09T17:17:54.944+0000] {processor.py:830} INFO - Processing file /opt/airflow/dags/etl.py for tasks to queue
[2024-01-09T17:17:54.946+0000] {logging_mixin.py:188} INFO - [2024-01-09T17:17:54.945+0000] {dagbag.py:538} INFO - Filling up the DagBag from /opt/airflow/dags/etl.py
[2024-01-09T17:17:54.990+0000] {processor.py:840} INFO - DAG(s) 'etl_dag' retrieved from /opt/airflow/dags/etl.py
[2024-01-09T17:17:55.049+0000] {logging_mixin.py:188} INFO - [2024-01-09T17:17:55.048+0000] {dag.py:3033} INFO - Sync 1 DAGs
[2024-01-09T17:17:55.092+0000] {logging_mixin.py:188} INFO - [2024-01-09T17:17:55.092+0000] {dag.py:3820} INFO - Setting next_dagrun for etl_dag to 2024-01-08T00:00:00+00:00, run_after=2024-01-09T00:00:00+00:00
[2024-01-09T17:17:55.240+0000] {processor.py:183} INFO - Processing /opt/airflow/dags/etl.py took 0.302 seconds
[2024-01-09T17:18:26.281+0000] {processor.py:161} INFO - Started process (PID=73) to work on /opt/airflow/dags/etl.py
[2024-01-09T17:18:26.284+0000] {processor.py:830} INFO - Processing file /opt/airflow/dags/etl.py for tasks to queue
[2024-01-09T17:18:26.286+0000] {logging_mixin.py:188} INFO - [2024-01-09T17:18:26.285+0000] {dagbag.py:538} INFO - Filling up the DagBag from /opt/airflow/dags/etl.py
[2024-01-09T17:18:26.335+0000] {processor.py:840} INFO - DAG(s) 'etl_dag' retrieved from /opt/airflow/dags/etl.py
[2024-01-09T17:18:26.384+0000] {logging_mixin.py:188} INFO - [2024-01-09T17:18:26.384+0000] {dag.py:3033} INFO - Sync 1 DAGs
[2024-01-09T17:18:26.423+0000] {logging_mixin.py:188} INFO - [2024-01-09T17:18:26.423+0000] {dag.py:3820} INFO - Setting next_dagrun for etl_dag to 2024-01-08T00:00:00+00:00, run_after=2024-01-09T00:00:00+00:00
[2024-01-09T17:18:26.559+0000] {processor.py:183} INFO - Processing /opt/airflow/dags/etl.py took 0.283 seconds
[2024-01-09T17:18:57.236+0000] {processor.py:161} INFO - Started process (PID=74) to work on /opt/airflow/dags/etl.py
[2024-01-09T17:18:57.238+0000] {processor.py:830} INFO - Processing file /opt/airflow/dags/etl.py for tasks to queue
[2024-01-09T17:18:57.240+0000] {logging_mixin.py:188} INFO - [2024-01-09T17:18:57.240+0000] {dagbag.py:538} INFO - Filling up the DagBag from /opt/airflow/dags/etl.py
[2024-01-09T17:18:57.303+0000] {processor.py:840} INFO - DAG(s) 'etl_dag' retrieved from /opt/airflow/dags/etl.py
[2024-01-09T17:18:57.354+0000] {logging_mixin.py:188} INFO - [2024-01-09T17:18:57.354+0000] {dag.py:3033} INFO - Sync 1 DAGs
[2024-01-09T17:18:57.396+0000] {logging_mixin.py:188} INFO - [2024-01-09T17:18:57.395+0000] {dag.py:3820} INFO - Setting next_dagrun for etl_dag to 2024-01-08T00:00:00+00:00, run_after=2024-01-09T00:00:00+00:00
[2024-01-09T17:18:57.525+0000] {processor.py:183} INFO - Processing /opt/airflow/dags/etl.py took 0.293 seconds
[2024-01-09T17:19:28.539+0000] {processor.py:161} INFO - Started process (PID=75) to work on /opt/airflow/dags/etl.py
[2024-01-09T17:19:28.541+0000] {processor.py:830} INFO - Processing file /opt/airflow/dags/etl.py for tasks to queue
[2024-01-09T17:19:28.543+0000] {logging_mixin.py:188} INFO - [2024-01-09T17:19:28.542+0000] {dagbag.py:538} INFO - Filling up the DagBag from /opt/airflow/dags/etl.py
[2024-01-09T17:19:28.598+0000] {processor.py:840} INFO - DAG(s) 'etl_dag' retrieved from /opt/airflow/dags/etl.py
[2024-01-09T17:19:28.650+0000] {logging_mixin.py:188} INFO - [2024-01-09T17:19:28.649+0000] {dag.py:3033} INFO - Sync 1 DAGs
[2024-01-09T17:19:28.684+0000] {logging_mixin.py:188} INFO - [2024-01-09T17:19:28.684+0000] {dag.py:3820} INFO - Setting next_dagrun for etl_dag to 2024-01-08T00:00:00+00:00, run_after=2024-01-09T00:00:00+00:00
[2024-01-09T17:19:28.776+0000] {processor.py:183} INFO - Processing /opt/airflow/dags/etl.py took 0.241 seconds
[2024-01-09T17:19:59.007+0000] {processor.py:161} INFO - Started process (PID=76) to work on /opt/airflow/dags/etl.py
[2024-01-09T17:19:59.009+0000] {processor.py:830} INFO - Processing file /opt/airflow/dags/etl.py for tasks to queue
[2024-01-09T17:19:59.010+0000] {logging_mixin.py:188} INFO - [2024-01-09T17:19:59.010+0000] {dagbag.py:538} INFO - Filling up the DagBag from /opt/airflow/dags/etl.py
[2024-01-09T17:19:59.056+0000] {processor.py:840} INFO - DAG(s) 'etl_dag' retrieved from /opt/airflow/dags/etl.py
[2024-01-09T17:19:59.115+0000] {logging_mixin.py:188} INFO - [2024-01-09T17:19:59.114+0000] {dag.py:3033} INFO - Sync 1 DAGs
[2024-01-09T17:19:59.164+0000] {logging_mixin.py:188} INFO - [2024-01-09T17:19:59.164+0000] {dag.py:3820} INFO - Setting next_dagrun for etl_dag to 2024-01-08T00:00:00+00:00, run_after=2024-01-09T00:00:00+00:00
[2024-01-09T17:19:59.334+0000] {processor.py:183} INFO - Processing /opt/airflow/dags/etl.py took 0.330 seconds
[2024-01-09T17:20:30.398+0000] {processor.py:161} INFO - Started process (PID=77) to work on /opt/airflow/dags/etl.py
[2024-01-09T17:20:30.400+0000] {processor.py:830} INFO - Processing file /opt/airflow/dags/etl.py for tasks to queue
[2024-01-09T17:20:30.402+0000] {logging_mixin.py:188} INFO - [2024-01-09T17:20:30.402+0000] {dagbag.py:538} INFO - Filling up the DagBag from /opt/airflow/dags/etl.py
[2024-01-09T17:20:30.459+0000] {processor.py:840} INFO - DAG(s) 'etl_dag' retrieved from /opt/airflow/dags/etl.py
[2024-01-09T17:20:30.506+0000] {logging_mixin.py:188} INFO - [2024-01-09T17:20:30.506+0000] {dag.py:3033} INFO - Sync 1 DAGs
[2024-01-09T17:20:30.547+0000] {logging_mixin.py:188} INFO - [2024-01-09T17:20:30.547+0000] {dag.py:3820} INFO - Setting next_dagrun for etl_dag to 2024-01-08T00:00:00+00:00, run_after=2024-01-09T00:00:00+00:00
[2024-01-09T17:20:30.710+0000] {processor.py:183} INFO - Processing /opt/airflow/dags/etl.py took 0.317 seconds
[2024-01-09T17:21:01.051+0000] {processor.py:161} INFO - Started process (PID=78) to work on /opt/airflow/dags/etl.py
[2024-01-09T17:21:01.052+0000] {processor.py:830} INFO - Processing file /opt/airflow/dags/etl.py for tasks to queue
[2024-01-09T17:21:01.054+0000] {logging_mixin.py:188} INFO - [2024-01-09T17:21:01.054+0000] {dagbag.py:538} INFO - Filling up the DagBag from /opt/airflow/dags/etl.py
[2024-01-09T17:21:01.099+0000] {processor.py:840} INFO - DAG(s) 'etl_dag' retrieved from /opt/airflow/dags/etl.py
[2024-01-09T17:21:01.154+0000] {logging_mixin.py:188} INFO - [2024-01-09T17:21:01.153+0000] {dag.py:3033} INFO - Sync 1 DAGs
[2024-01-09T17:21:01.197+0000] {logging_mixin.py:188} INFO - [2024-01-09T17:21:01.197+0000] {dag.py:3820} INFO - Setting next_dagrun for etl_dag to 2024-01-08T00:00:00+00:00, run_after=2024-01-09T00:00:00+00:00
[2024-01-09T17:21:01.359+0000] {processor.py:183} INFO - Processing /opt/airflow/dags/etl.py took 0.313 seconds
[2024-01-09T17:21:32.436+0000] {processor.py:161} INFO - Started process (PID=79) to work on /opt/airflow/dags/etl.py
[2024-01-09T17:21:32.444+0000] {processor.py:830} INFO - Processing file /opt/airflow/dags/etl.py for tasks to queue
[2024-01-09T17:21:32.445+0000] {logging_mixin.py:188} INFO - [2024-01-09T17:21:32.445+0000] {dagbag.py:538} INFO - Filling up the DagBag from /opt/airflow/dags/etl.py
[2024-01-09T17:21:32.473+0000] {processor.py:840} INFO - DAG(s) 'etl_dag' retrieved from /opt/airflow/dags/etl.py
[2024-01-09T17:21:32.519+0000] {logging_mixin.py:188} INFO - [2024-01-09T17:21:32.519+0000] {dag.py:3033} INFO - Sync 1 DAGs
[2024-01-09T17:21:32.558+0000] {logging_mixin.py:188} INFO - [2024-01-09T17:21:32.558+0000] {dag.py:3820} INFO - Setting next_dagrun for etl_dag to 2024-01-08T00:00:00+00:00, run_after=2024-01-09T00:00:00+00:00
[2024-01-09T17:21:32.634+0000] {processor.py:183} INFO - Processing /opt/airflow/dags/etl.py took 0.202 seconds
[2024-01-09T17:22:02.921+0000] {processor.py:161} INFO - Started process (PID=80) to work on /opt/airflow/dags/etl.py
[2024-01-09T17:22:02.924+0000] {processor.py:830} INFO - Processing file /opt/airflow/dags/etl.py for tasks to queue
[2024-01-09T17:22:02.927+0000] {logging_mixin.py:188} INFO - [2024-01-09T17:22:02.926+0000] {dagbag.py:538} INFO - Filling up the DagBag from /opt/airflow/dags/etl.py
[2024-01-09T17:22:02.994+0000] {processor.py:840} INFO - DAG(s) 'etl_dag' retrieved from /opt/airflow/dags/etl.py
[2024-01-09T17:22:03.053+0000] {logging_mixin.py:188} INFO - [2024-01-09T17:22:03.052+0000] {dag.py:3033} INFO - Sync 1 DAGs
[2024-01-09T17:22:03.095+0000] {logging_mixin.py:188} INFO - [2024-01-09T17:22:03.095+0000] {dag.py:3820} INFO - Setting next_dagrun for etl_dag to 2024-01-08T00:00:00+00:00, run_after=2024-01-09T00:00:00+00:00
[2024-01-09T17:22:03.213+0000] {processor.py:183} INFO - Processing /opt/airflow/dags/etl.py took 0.297 seconds
[2024-01-09T17:22:33.776+0000] {processor.py:161} INFO - Started process (PID=81) to work on /opt/airflow/dags/etl.py
[2024-01-09T17:22:33.778+0000] {processor.py:830} INFO - Processing file /opt/airflow/dags/etl.py for tasks to queue
[2024-01-09T17:22:33.780+0000] {logging_mixin.py:188} INFO - [2024-01-09T17:22:33.780+0000] {dagbag.py:538} INFO - Filling up the DagBag from /opt/airflow/dags/etl.py
[2024-01-09T17:22:33.838+0000] {processor.py:840} INFO - DAG(s) 'etl_dag' retrieved from /opt/airflow/dags/etl.py
[2024-01-09T17:22:33.898+0000] {logging_mixin.py:188} INFO - [2024-01-09T17:22:33.898+0000] {dag.py:3033} INFO - Sync 1 DAGs
[2024-01-09T17:22:33.939+0000] {logging_mixin.py:188} INFO - [2024-01-09T17:22:33.938+0000] {dag.py:3820} INFO - Setting next_dagrun for etl_dag to 2024-01-08T00:00:00+00:00, run_after=2024-01-09T00:00:00+00:00
[2024-01-09T17:22:34.057+0000] {processor.py:183} INFO - Processing /opt/airflow/dags/etl.py took 0.285 seconds
[2024-01-09T17:23:04.623+0000] {processor.py:161} INFO - Started process (PID=82) to work on /opt/airflow/dags/etl.py
[2024-01-09T17:23:04.626+0000] {processor.py:830} INFO - Processing file /opt/airflow/dags/etl.py for tasks to queue
[2024-01-09T17:23:04.628+0000] {logging_mixin.py:188} INFO - [2024-01-09T17:23:04.627+0000] {dagbag.py:538} INFO - Filling up the DagBag from /opt/airflow/dags/etl.py
[2024-01-09T17:23:04.662+0000] {processor.py:840} INFO - DAG(s) 'etl_dag' retrieved from /opt/airflow/dags/etl.py
[2024-01-09T17:23:04.714+0000] {logging_mixin.py:188} INFO - [2024-01-09T17:23:04.714+0000] {dag.py:3033} INFO - Sync 1 DAGs
[2024-01-09T17:23:04.755+0000] {logging_mixin.py:188} INFO - [2024-01-09T17:23:04.755+0000] {dag.py:3820} INFO - Setting next_dagrun for etl_dag to 2024-01-08T00:00:00+00:00, run_after=2024-01-09T00:00:00+00:00
[2024-01-09T17:23:04.857+0000] {processor.py:183} INFO - Processing /opt/airflow/dags/etl.py took 0.240 seconds
[2024-01-09T17:23:34.989+0000] {processor.py:161} INFO - Started process (PID=83) to work on /opt/airflow/dags/etl.py
[2024-01-09T17:23:34.990+0000] {processor.py:830} INFO - Processing file /opt/airflow/dags/etl.py for tasks to queue
[2024-01-09T17:23:34.992+0000] {logging_mixin.py:188} INFO - [2024-01-09T17:23:34.992+0000] {dagbag.py:538} INFO - Filling up the DagBag from /opt/airflow/dags/etl.py
[2024-01-09T17:23:35.024+0000] {processor.py:840} INFO - DAG(s) 'etl_dag' retrieved from /opt/airflow/dags/etl.py
[2024-01-09T17:23:35.086+0000] {logging_mixin.py:188} INFO - [2024-01-09T17:23:35.086+0000] {dag.py:3033} INFO - Sync 1 DAGs
[2024-01-09T17:23:35.113+0000] {logging_mixin.py:188} INFO - [2024-01-09T17:23:35.112+0000] {dag.py:3820} INFO - Setting next_dagrun for etl_dag to 2024-01-08T00:00:00+00:00, run_after=2024-01-09T00:00:00+00:00
[2024-01-09T17:23:35.182+0000] {processor.py:183} INFO - Processing /opt/airflow/dags/etl.py took 0.198 seconds
[2024-01-09T17:24:05.613+0000] {processor.py:161} INFO - Started process (PID=84) to work on /opt/airflow/dags/etl.py
[2024-01-09T17:24:05.615+0000] {processor.py:830} INFO - Processing file /opt/airflow/dags/etl.py for tasks to queue
[2024-01-09T17:24:05.616+0000] {logging_mixin.py:188} INFO - [2024-01-09T17:24:05.616+0000] {dagbag.py:538} INFO - Filling up the DagBag from /opt/airflow/dags/etl.py
[2024-01-09T17:24:05.661+0000] {processor.py:840} INFO - DAG(s) 'etl_dag' retrieved from /opt/airflow/dags/etl.py
[2024-01-09T17:24:05.715+0000] {logging_mixin.py:188} INFO - [2024-01-09T17:24:05.715+0000] {dag.py:3033} INFO - Sync 1 DAGs
[2024-01-09T17:24:05.753+0000] {logging_mixin.py:188} INFO - [2024-01-09T17:24:05.753+0000] {dag.py:3820} INFO - Setting next_dagrun for etl_dag to 2024-01-08T00:00:00+00:00, run_after=2024-01-09T00:00:00+00:00
[2024-01-09T17:24:05.866+0000] {processor.py:183} INFO - Processing /opt/airflow/dags/etl.py took 0.256 seconds
[2024-01-09T17:24:36.111+0000] {processor.py:161} INFO - Started process (PID=85) to work on /opt/airflow/dags/etl.py
[2024-01-09T17:24:36.113+0000] {processor.py:830} INFO - Processing file /opt/airflow/dags/etl.py for tasks to queue
[2024-01-09T17:24:36.114+0000] {logging_mixin.py:188} INFO - [2024-01-09T17:24:36.114+0000] {dagbag.py:538} INFO - Filling up the DagBag from /opt/airflow/dags/etl.py
[2024-01-09T17:24:36.164+0000] {processor.py:840} INFO - DAG(s) 'etl_dag' retrieved from /opt/airflow/dags/etl.py
[2024-01-09T17:24:36.241+0000] {logging_mixin.py:188} INFO - [2024-01-09T17:24:36.240+0000] {dag.py:3033} INFO - Sync 1 DAGs
[2024-01-09T17:24:36.299+0000] {logging_mixin.py:188} INFO - [2024-01-09T17:24:36.298+0000] {dag.py:3820} INFO - Setting next_dagrun for etl_dag to 2024-01-08T00:00:00+00:00, run_after=2024-01-09T00:00:00+00:00
[2024-01-09T17:24:36.393+0000] {processor.py:183} INFO - Processing /opt/airflow/dags/etl.py took 0.286 seconds
[2024-01-09T17:25:06.471+0000] {processor.py:161} INFO - Started process (PID=86) to work on /opt/airflow/dags/etl.py
[2024-01-09T17:25:06.472+0000] {processor.py:830} INFO - Processing file /opt/airflow/dags/etl.py for tasks to queue
[2024-01-09T17:25:06.474+0000] {logging_mixin.py:188} INFO - [2024-01-09T17:25:06.474+0000] {dagbag.py:538} INFO - Filling up the DagBag from /opt/airflow/dags/etl.py
[2024-01-09T17:25:06.522+0000] {processor.py:840} INFO - DAG(s) 'etl_dag' retrieved from /opt/airflow/dags/etl.py
[2024-01-09T17:25:06.572+0000] {logging_mixin.py:188} INFO - [2024-01-09T17:25:06.571+0000] {dag.py:3033} INFO - Sync 1 DAGs
[2024-01-09T17:25:06.610+0000] {logging_mixin.py:188} INFO - [2024-01-09T17:25:06.609+0000] {dag.py:3820} INFO - Setting next_dagrun for etl_dag to 2024-01-08T00:00:00+00:00, run_after=2024-01-09T00:00:00+00:00
[2024-01-09T17:25:06.727+0000] {processor.py:183} INFO - Processing /opt/airflow/dags/etl.py took 0.260 seconds
[2024-01-09T17:25:37.300+0000] {processor.py:161} INFO - Started process (PID=87) to work on /opt/airflow/dags/etl.py
[2024-01-09T17:25:37.301+0000] {processor.py:830} INFO - Processing file /opt/airflow/dags/etl.py for tasks to queue
[2024-01-09T17:25:37.303+0000] {logging_mixin.py:188} INFO - [2024-01-09T17:25:37.302+0000] {dagbag.py:538} INFO - Filling up the DagBag from /opt/airflow/dags/etl.py
[2024-01-09T17:25:37.330+0000] {processor.py:840} INFO - DAG(s) 'etl_dag' retrieved from /opt/airflow/dags/etl.py
[2024-01-09T17:25:37.372+0000] {logging_mixin.py:188} INFO - [2024-01-09T17:25:37.372+0000] {dag.py:3033} INFO - Sync 1 DAGs
[2024-01-09T17:25:37.406+0000] {logging_mixin.py:188} INFO - [2024-01-09T17:25:37.405+0000] {dag.py:3820} INFO - Setting next_dagrun for etl_dag to 2024-01-08T00:00:00+00:00, run_after=2024-01-09T00:00:00+00:00
[2024-01-09T17:25:37.487+0000] {processor.py:183} INFO - Processing /opt/airflow/dags/etl.py took 0.191 seconds
[2024-01-09T17:26:07.771+0000] {processor.py:161} INFO - Started process (PID=88) to work on /opt/airflow/dags/etl.py
[2024-01-09T17:26:07.773+0000] {processor.py:830} INFO - Processing file /opt/airflow/dags/etl.py for tasks to queue
[2024-01-09T17:26:07.774+0000] {logging_mixin.py:188} INFO - [2024-01-09T17:26:07.774+0000] {dagbag.py:538} INFO - Filling up the DagBag from /opt/airflow/dags/etl.py
[2024-01-09T17:26:07.827+0000] {processor.py:840} INFO - DAG(s) 'etl_dag' retrieved from /opt/airflow/dags/etl.py
[2024-01-09T17:26:07.894+0000] {logging_mixin.py:188} INFO - [2024-01-09T17:26:07.894+0000] {dag.py:3033} INFO - Sync 1 DAGs
[2024-01-09T17:26:07.945+0000] {logging_mixin.py:188} INFO - [2024-01-09T17:26:07.945+0000] {dag.py:3820} INFO - Setting next_dagrun for etl_dag to 2024-01-08T00:00:00+00:00, run_after=2024-01-09T00:00:00+00:00
[2024-01-09T17:26:08.102+0000] {processor.py:183} INFO - Processing /opt/airflow/dags/etl.py took 0.335 seconds
[2024-01-09T17:26:38.549+0000] {processor.py:161} INFO - Started process (PID=89) to work on /opt/airflow/dags/etl.py
[2024-01-09T17:26:38.551+0000] {processor.py:830} INFO - Processing file /opt/airflow/dags/etl.py for tasks to queue
[2024-01-09T17:26:38.552+0000] {logging_mixin.py:188} INFO - [2024-01-09T17:26:38.552+0000] {dagbag.py:538} INFO - Filling up the DagBag from /opt/airflow/dags/etl.py
[2024-01-09T17:26:38.592+0000] {processor.py:840} INFO - DAG(s) 'etl_dag' retrieved from /opt/airflow/dags/etl.py
[2024-01-09T17:26:38.635+0000] {logging_mixin.py:188} INFO - [2024-01-09T17:26:38.634+0000] {dag.py:3033} INFO - Sync 1 DAGs
[2024-01-09T17:26:38.668+0000] {logging_mixin.py:188} INFO - [2024-01-09T17:26:38.668+0000] {dag.py:3820} INFO - Setting next_dagrun for etl_dag to 2024-01-08T00:00:00+00:00, run_after=2024-01-09T00:00:00+00:00
[2024-01-09T17:26:38.748+0000] {processor.py:183} INFO - Processing /opt/airflow/dags/etl.py took 0.203 seconds
